<?xml version="1.0" encoding="UTF-8"?>
<!-- Generated by org.testng.reporters.JUnitXMLReporter -->
<testsuite ignored="0" hostname="DESKTOP-4B9SAMF" failures="0" tests="3" name="Default test" time="193.808" errors="0" timestamp="2021-11-02T19:33:03 IST">
  <testcase classname="Amazon.LoginAmazon" name="Login" time="147.0"/>
  <testcase classname="Amazon.LoginAmazon" name="Search" time="17.953"/>
  <testcase classname="Amazon.LoginAmazon" name="rating" time="28.788"/>
</testsuite> <!-- Default test -->
